<?xml version="1.0" encoding="UTF-8"?>
<testsuite name="is.ru.StringCalculator.StringCalculatorTest" tests="6" skipped="0" failures="0" errors="0" timestamp="2017-10-13T14:51:21" hostname="LAPTOP-8V60O7Q6" time="0.012">
  <properties/>
  <testcase name="testMultipleNumbers" classname="is.ru.StringCalculator.StringCalculatorTest" time="0.009"/>
  <testcase name="testEmptyString" classname="is.ru.StringCalculator.StringCalculatorTest" time="0.0"/>
  <testcase name="testNegativeNumber" classname="is.ru.StringCalculator.StringCalculatorTest" time="0.001"/>
  <testcase name="testNewLine" classname="is.ru.StringCalculator.StringCalculatorTest" time="0.0"/>
  <testcase name="testTwoNumbers" classname="is.ru.StringCalculator.StringCalculatorTest" time="0.0"/>
  <testcase name="testOneNumber" classname="is.ru.StringCalculator.StringCalculatorTest" time="0.0"/>
  <system-out><![CDATA[]]></system-out>
  <system-err><![CDATA[]]></system-err>
</testsuite>
